<?xml version="1.0" encoding="UTF-8"?>
<!-- Generated by org.testng.reporters.JUnitReportReporter -->
<testsuite hostname="Hestabits-MacBook-Pro.local" failures="0" tests="2" name="JaigerMeisterSuperAdminLogin.TC_001Superadmin" time="40.668" errors="0" timestamp="2024-03-26T12:54:45 IST" skipped="0">
  <testcase classname="JaigerMeisterSuperAdminLogin.TC_001Superadmin" name="verify_superadminlogin" time="20.343"/>
  <testcase classname="JaigerMeisterSuperAdminLogin.TC_001Superadmin" name="verify_superadminlogin" time="20.325"/>
</testsuite> <!-- JaigerMeisterSuperAdminLogin.TC_001Superadmin -->
